{"numTotalTestSuites":17,"numPassedTestSuites":17,"numFailedTestSuites":0,"numPendingTestSuites":0,"numTotalTests":16,"numPassedTests":16,"numFailedTests":0,"numPendingTests":0,"numTodoTests":0,"snapshot":{"added":0,"failure":false,"filesAdded":0,"filesRemoved":0,"filesRemovedList":[],"filesUnmatched":0,"filesUpdated":0,"matched":0,"total":0,"unchecked":0,"uncheckedKeysByFile":[],"unmatched":0,"updated":0,"didUpdate":false},"startTime":1780313300358,"success":true,"testResults":[{"assertionResults":[{"ancestorTitles":["Authorization - role access"],"fullName":"Authorization - role access Authorization - non-admin denied","status":"passed","title":"Authorization - non-admin denied","duration":70.36519999999996,"failureMessages":[],"meta":{}},{"ancestorTitles":["Authorization - role access"],"fullName":"Authorization - role access Authorization - company access allowed","status":"passed","title":"Authorization - company access allowed","duration":0.27690000000006876,"failureMessages":[],"meta":{}}],"startTime":1780313300907,"endTime":1780313300977.3652,"status":"passed","message":"","name":"D:/diplomen/smart-rent/tests/auth/authorization.test.ts"},{"assertionResults":[{"ancestorTitles":["Authentication - sign in"],"fullName":"Authentication - sign in Authentication - wrong password rejected","status":"passed","title":"Authentication - wrong password rejected","duration":109.74090000000007,"failureMessages":[],"meta":{}}],"startTime":1780313300872,"endTime":1780313300981.741,"status":"passed","message":"","name":"D:/diplomen/smart-rent/tests/auth/signin.test.ts"},{"assertionResults":[{"ancestorTitles":["Reservation - availability"],"fullName":"Reservation - availability Reservation create - unavailable period rejected","status":"passed","title":"Reservation create - unavailable period rejected","duration":5.23359999999991,"failureMessages":[],"meta":{}}],"startTime":1780313300992,"endTime":1780313300997.2336,"status":"passed","message":"","name":"D:/diplomen/smart-rent/tests/reservations/reservationConflicts.test.ts"},{"assertionResults":[{"ancestorTitles":["Reservation - date validation"],"fullName":"Reservation - date validation Reservation create - past start date rejected","status":"passed","title":"Reservation create - past start date rejected","duration":1.9319999999999595,"failureMessages":[],"meta":{}},{"ancestorTitles":["Reservation - date validation"],"fullName":"Reservation - date validation Reservation create - end date after start required","status":"passed","title":"Reservation create - end date after start required","duration":0.18290000000001783,"failureMessages":[],"meta":{}},{"ancestorTitles":["Reservation - pricing"],"fullName":"Reservation - pricing Reservation pricing - total amount calculated","status":"passed","title":"Reservation pricing - total amount calculated","duration":0.19249999999999545,"failureMessages":[],"meta":{}}],"startTime":1780313300901,"endTime":1780313300903.1924,"status":"passed","message":"","name":"D:/diplomen/smart-rent/tests/reservations/reservationPricing.test.ts"},{"assertionResults":[{"ancestorTitles":["Reservation - status transitions"],"fullName":"Reservation - status transitions Reservation status - cancel on payment failure","status":"passed","title":"Reservation status - cancel on payment failure","duration":1.9311999999999898,"failureMessages":[],"meta":{}}],"startTime":1780313300905,"endTime":1780313300906.9312,"status":"passed","message":"","name":"D:/diplomen/smart-rent/tests/reservations/reservationStatus.test.ts"},{"assertionResults":[{"ancestorTitles":["Utilities - formatting"],"fullName":"Utilities - formatting Date formatter - bg-BG output","status":"passed","title":"Date formatter - bg-BG output","duration":12.455100000000016,"failureMessages":[],"meta":{}},{"ancestorTitles":["Utilities - formatting"],"fullName":"Utilities - formatting Price formatter - EUR output","status":"passed","title":"Price formatter - EUR output","duration":2.405599999999936,"failureMessages":[],"meta":{}},{"ancestorTitles":["Utilities - formatting"],"fullName":"Utilities - formatting Text formatter - truncation","status":"passed","title":"Text formatter - truncation","duration":0.17799999999999727,"failureMessages":[],"meta":{}}],"startTime":1780313301153,"endTime":1780313301168.178,"status":"passed","message":"","name":"D:/diplomen/smart-rent/tests/utils/formatters.test.ts"},{"assertionResults":[{"ancestorTitles":["Utilities - date calculations"],"fullName":"Utilities - date calculations Date calculation - days between dates","status":"passed","title":"Date calculation - days between dates","duration":1.0532999999999788,"failureMessages":[],"meta":{}}],"startTime":1780313300897,"endTime":1780313300898.0532,"status":"passed","message":"","name":"D:/diplomen/smart-rent/tests/utils/reservationDays.test.ts"},{"assertionResults":[{"ancestorTitles":["Validation - schemas (Zod)"],"fullName":"Validation - schemas (Zod) Signup validation - invalid email","status":"passed","title":"Signup validation - invalid email","duration":4.083600000000047,"failureMessages":[],"meta":{}},{"ancestorTitles":["Validation - schemas (Zod)"],"fullName":"Validation - schemas (Zod) Signup validation - short password","status":"passed","title":"Signup validation - short password","duration":0.5235000000000127,"failureMessages":[],"meta":{}},{"ancestorTitles":["Validation - schemas (Zod)"],"fullName":"Validation - schemas (Zod) Car validation - empty make rejected","status":"passed","title":"Car validation - empty make rejected","duration":1.1287999999999556,"failureMessages":[],"meta":{}},{"ancestorTitles":["Validation - schemas (Zod)"],"fullName":"Validation - schemas (Zod) Car validation - negative price rejected","status":"passed","title":"Car validation - negative price rejected","duration":0.2966000000000122,"failureMessages":[],"meta":{}}],"startTime":1780313300992,"endTime":1780313300998.2966,"status":"passed","message":"","name":"D:/diplomen/smart-rent/tests/validators/schemas.test.ts"}]}